# Design: Design non_restoring_division already active.
# DESIGN: Default Design Language: VHDL
# DESIGN: Default BDE Language: VHDL
# DESIGN: Flow Manager: Not Defined
acom -reorder -work non_restoring_division -2002  $DSN/src/non_restoring_division.vhd
# Compile with File Reorder...
# File: c:\My_Designs\non_restoring_division\non_restoring_division\src\non_restoring_division.vhd
# Compile Entity "non_res"
# Compile Architecture "behavioral" of Entity "non_res"
# Top-level unit(s) detected:
# Entity => non_res
# Compile success 0 Errors 0 Warnings  Analysis time :  0.2 [s]
# ELBREAD: Elaboration process.
# ELBREAD: Elaboration time 0.0 [s].
acom -work non_restoring_division -2002  $DSN/src/TestBench/non_res_TB.vhd
# Compile...
# File: c:\My_Designs\non_restoring_division\non_restoring_division\src\TestBench\non_res_TB.vhd
# Compile Entity "non_res_tb"
# Compile Architecture "TB_ARCHITECTURE" of Entity "non_res_tb"
# Compile Configuration "TESTBENCH_FOR_non_res"
# Compile success 0 Errors 0 Warnings  Analysis time :  0.1 [s]
# ELBREAD: Elaboration process.
# ELBREAD: Elaboration time 0.0 [s].
asim -advdataflow  non_res_tb tb_architecture
# ELBREAD: Elaboration process.
# ELBREAD: Elaboration time 0.0 [s].
# asim: Stack memory: 32MB
# asim: Retval memory: 32MB
# KERNEL: Main thread initiated.
# KERNEL: Kernel process initialization phase.
# KERNEL: Time resolution set to 1ps.
# ELAB2: Elaboration final pass...
# ELAB2: Create instances ...
# ELAB2: Create instances complete.
# ELAB2: Elaboration final pass complete - time: 0.0 [s].
# KERNEL: Kernel process initialization done.
# Allocation: Simulator allocated 1779 kB (elbread=1023 elab2=485 kernel=270 sdf=0)
# KERNEL: ASDB file was created in location c:\My_Designs\non_restoring_division\non_restoring_division\src\wave.asdb
#  2:10 PM, Wednesday, November 24, 2021
#  Simulation has been initialized
#  Selected Top-Level: non_res_tb (tb_architecture)
# 4 signal(s) traced.
run 100 ns
# KERNEL: stopped at time: 100 ns
#  Simulation has been stopped
# Adding file c:\My_Designs\non_restoring_division\non_restoring_division\src\untitled.asdb ... Done
# Adding file c:\My_Designs\Booth_multiplier\Booth_multiplier\src\untitled.awc ... Done
