# Design: Design Sequential_Multiplication already active.
# DESIGN: Default Design Language: VHDL
# DESIGN: Default BDE Language: VHDL
# DESIGN: Flow Manager: Not Defined
acom -reorder -work Sequential_Multiplication -2002  $DSN/src/Sequential_Multiplication.vhd
# Compile with File Reorder...
# File: c:\My_Designs\Sequential_Multiplication\Sequential_Multiplication\src\Sequential_Multiplication.vhd
# Compile Entity "seq_mul"
# Compile Architecture "behavioral" of Entity "seq_mul"
# Top-level unit(s) detected:
# Entity => seq_mul
# Compile success 0 Errors 0 Warnings  Analysis time :  0.3 [s]
# ELBREAD: Elaboration process.
# ELBREAD: Elaboration time 0.0 [s].
acom -work Sequential_Multiplication -2002  $DSN/src/TestBench/seq_mul_TB.vhd
# Compile...
# File: c:\My_Designs\Sequential_Multiplication\Sequential_Multiplication\src\TestBench\seq_mul_TB.vhd
# Compile Entity "seq_mul_tb"
# Compile Architecture "TB_ARCHITECTURE" of Entity "seq_mul_tb"
# Compile Configuration "TESTBENCH_FOR_seq_mul"
# Compile success 0 Errors 0 Warnings  Analysis time :  0.2 [s]
# ELBREAD: Elaboration process.
# ELBREAD: Elaboration time 0.0 [s].
asim -advdataflow  seq_mul_tb tb_architecture
# ELBREAD: Elaboration process.
# ELBREAD: Elaboration time 0.0 [s].
# asim: Stack memory: 32MB
# asim: Retval memory: 32MB
# KERNEL: Main thread initiated.
# KERNEL: Kernel process initialization phase.
# KERNEL: Time resolution set to 1ps.
# ELAB2: Elaboration final pass...
# ELAB2: Create instances ...
# ELAB2: Create instances complete.
# ELAB2: Elaboration final pass complete - time: 0.1 [s].
# KERNEL: Kernel process initialization done.
# Allocation: Simulator allocated 1777 kB (elbread=1023 elab2=483 kernel=270 sdf=0)
# KERNEL: ASDB file was created in location c:\My_Designs\Sequential_Multiplication\Sequential_Multiplication\src\wave.asdb
#  1:53 PM, Wednesday, November 24, 2021
#  Simulation has been initialized
#  Selected Top-Level: seq_mul_tb (tb_architecture)
# 3 signal(s) traced.
run 100 ns
# KERNEL: stopped at time: 100 ns
#  Simulation has been stopped
# Adding file c:\My_Designs\Sequential_Multiplication\Sequential_Multiplication\src\untitled.asdb ... Done
# Adding file c:\My_Designs\CarryLookAheadAdder\CarryLookAheadAdder\src\untitled.awc ... Done
