# Design: Design Booth_multiplier already active.
# DESIGN: Default Design Language: VHDL
# DESIGN: Default BDE Language: VHDL
# DESIGN: Flow Manager: Not Defined
acom -reorder -work Booth_multiplier -2002  $DSN/src/Booth_Multiplier.vhd
# Compile with File Reorder...
# File: c:\My_Designs\Booth_multiplier\Booth_multiplier\src\Booth_Multiplier.vhd
# Compile Entity "booth"
# Compile Architecture "behavioral" of Entity "booth"
# Top-level unit(s) detected:
# Entity => booth
# Compile success 0 Errors 0 Warnings  Analysis time :  0.1 [s]
# ELBREAD: Elaboration process.
# ELBREAD: Elaboration time 0.0 [s].
acom -work Booth_multiplier -2002  $DSN/src/TestBench/booth_TB.vhd
# Compile...
# File: c:\My_Designs\Booth_multiplier\Booth_multiplier\src\TestBench\booth_TB.vhd
# Compile Entity "booth_tb"
# Compile Architecture "TB_ARCHITECTURE" of Entity "booth_tb"
# Compile Configuration "TESTBENCH_FOR_booth"
# Compile success 0 Errors 0 Warnings  Analysis time :  0.1 [s]
# ELBREAD: Elaboration process.
# ELBREAD: Elaboration time 0.0 [s].
# Error: Accelerated Waveform: Simulation database is not connected.
asim -advdataflow  booth_tb tb_architecture
# ELBREAD: Elaboration process.
# ELBREAD: Elaboration time 0.0 [s].
# asim: Stack memory: 32MB
# asim: Retval memory: 32MB
# KERNEL: Main thread initiated.
# KERNEL: Kernel process initialization phase.
# KERNEL: Time resolution set to 1ps.
# ELAB2: Elaboration final pass...
# ELAB2: Create instances ...
# ELAB2: Create instances complete.
# ELAB2: Elaboration final pass complete - time: 0.0 [s].
# KERNEL: Kernel process initialization done.
# Allocation: Simulator allocated 1778 kB (elbread=1023 elab2=484 kernel=270 sdf=0)
# KERNEL: ASDB file was created in location c:\My_Designs\Booth_multiplier\Booth_multiplier\src\wave.asdb
#  2:06 PM, Wednesday, November 24, 2021
#  Simulation has been initialized
#  Selected Top-Level: booth_tb (tb_architecture)
# 3 signal(s) traced.
run 100 ns
# KERNEL: WARNING: NUMERIC_STD."=": metavalue detected, returning FALSE
# KERNEL: Time: 0 ps,  Iteration: 0,  Instance: /UUT,  Process: line__12.
# KERNEL: WARNING: NUMERIC_STD."=": metavalue detected, returning FALSE
# KERNEL: Time: 0 ps,  Iteration: 0,  Instance: /UUT,  Process: line__12.
# KERNEL: WARNING: NUMERIC_STD."=": metavalue detected, returning FALSE
# KERNEL: Time: 0 ps,  Iteration: 0,  Instance: /UUT,  Process: line__12.
# KERNEL: WARNING: NUMERIC_STD."=": metavalue detected, returning FALSE
# KERNEL: Time: 0 ps,  Iteration: 0,  Instance: /UUT,  Process: line__12.
# KERNEL: WARNING: NUMERIC_STD."=": metavalue detected, returning FALSE
# KERNEL: Time: 0 ps,  Iteration: 0,  Instance: /UUT,  Process: line__12.
# KERNEL: WARNING: NUMERIC_STD."=": metavalue detected, returning FALSE
# KERNEL: Time: 0 ps,  Iteration: 0,  Instance: /UUT,  Process: line__12.
# KERNEL: WARNING: NUMERIC_STD."=": metavalue detected, returning FALSE
# KERNEL: Time: 0 ps,  Iteration: 0,  Instance: /UUT,  Process: line__12.
# KERNEL: WARNING: NUMERIC_STD."=": metavalue detected, returning FALSE
# KERNEL: Time: 0 ps,  Iteration: 0,  Instance: /UUT,  Process: line__12.
# KERNEL: WARNING: NUMERIC_STD."=": metavalue detected, returning FALSE
# KERNEL: Time: 0 ps,  Iteration: 0,  Instance: /UUT,  Process: line__12.
# KERNEL: WARNING: NUMERIC_STD."=": metavalue detected, returning FALSE
# KERNEL: Time: 0 ps,  Iteration: 0,  Instance: /UUT,  Process: line__12.
# KERNEL: WARNING: NUMERIC_STD."=": metavalue detected, returning FALSE
# KERNEL: Time: 0 ps,  Iteration: 0,  Instance: /UUT,  Process: line__12.
# KERNEL: WARNING: NUMERIC_STD."=": metavalue detected, returning FALSE
# KERNEL: Time: 0 ps,  Iteration: 0,  Instance: /UUT,  Process: line__12.
# KERNEL: WARNING: NUMERIC_STD."=": metavalue detected, returning FALSE
# KERNEL: Time: 0 ps,  Iteration: 0,  Instance: /UUT,  Process: line__12.
# KERNEL: WARNING: NUMERIC_STD."=": metavalue detected, returning FALSE
# KERNEL: Time: 0 ps,  Iteration: 0,  Instance: /UUT,  Process: line__12.
# KERNEL: WARNING: NUMERIC_STD."=": metavalue detected, returning FALSE
# KERNEL: Time: 0 ps,  Iteration: 0,  Instance: /UUT,  Process: line__12.
# KERNEL: WARNING: NUMERIC_STD."=": metavalue detected, returning FALSE
# KERNEL: Time: 0 ps,  Iteration: 0,  Instance: /UUT,  Process: line__12.
# KERNEL: stopped at time: 100 ns
#  Simulation has been stopped
# Adding file c:\My_Designs\Booth_multiplier\Booth_multiplier\src\untitled.asdb ... Done
# Adding file c:\My_Designs\Booth_multiplier\Booth_multiplier\src\untitled.awc ... Done
